{"C:\\Users\\ass_s\\projet_trans_test\\projet_trans_front\\src\\Création_sondage\\checkbox.js": {"path":"C:\\Users\\ass_s\\projet_trans_test\\projet_trans_front\\src\\Création_sondage\\checkbox.js","statementMap":{"0":{"start":{"line":9,"column":28},"end":{"line":117,"column":4}},"1":{"start":{"line":10,"column":23},"end":{"line":10,"column":66}},"2":{"start":{"line":11,"column":18},"end":{"line":11,"column":49}},"3":{"start":{"line":12,"column":24},"end":{"line":12,"column":53}},"4":{"start":{"line":13,"column":18},"end":{"line":13,"column":45}},"5":{"start":{"line":14,"column":24},"end":{"line":14,"column":69}},"6":{"start":{"line":15,"column":21},"end":{"line":15,"column":61}},"7":{"start":{"line":16,"column":27},"end":{"line":16,"column":74}},"8":{"start":{"line":17,"column":20},"end":{"line":17,"column":61}},"9":{"start":{"line":19,"column":22},"end":{"line":19,"column":54}},"10":{"start":{"line":22,"column":5},"end":{"line":22,"column":39}},"11":{"start":{"line":23,"column":5},"end":{"line":115,"column":6}},"12":{"start":{"line":24,"column":7},"end":{"line":24,"column":36}},"13":{"start":{"line":26,"column":28},"end":{"line":26,"column":30}},"14":{"start":{"line":27,"column":7},"end":{"line":27,"column":43}},"15":{"start":{"line":29,"column":7},"end":{"line":43,"column":8}},"16":{"start":{"line":29,"column":20},"end":{"line":29,"column":21}},"17":{"start":{"line":30,"column":23},"end":{"line":30,"column":52}},"18":{"start":{"line":31,"column":25},"end":{"line":31,"column":56}},"19":{"start":{"line":32,"column":25},"end":{"line":32,"column":56}},"20":{"start":{"line":34,"column":11},"end":{"line":34,"column":35}},"21":{"start":{"line":35,"column":11},"end":{"line":35,"column":35}},"22":{"start":{"line":36,"column":11},"end":{"line":36,"column":52}},"23":{"start":{"line":37,"column":11},"end":{"line":37,"column":39}},"24":{"start":{"line":38,"column":11},"end":{"line":38,"column":34}},"25":{"start":{"line":39,"column":11},"end":{"line":39,"column":34}},"26":{"start":{"line":41,"column":11},"end":{"line":41,"column":53}},"27":{"start":{"line":45,"column":7},"end":{"line":45,"column":43}},"28":{"start":{"line":47,"column":7},"end":{"line":47,"column":40}},"29":{"start":{"line":48,"column":7},"end":{"line":48,"column":50}},"30":{"start":{"line":55,"column":25},"end":{"line":55,"column":54}},"31":{"start":{"line":56,"column":22},"end":{"line":56,"column":53}},"32":{"start":{"line":58,"column":23},"end":{"line":58,"column":55}},"33":{"start":{"line":61,"column":21},"end":{"line":61,"column":50}},"34":{"start":{"line":63,"column":21},"end":{"line":63,"column":69}},"35":{"start":{"line":64,"column":23},"end":{"line":64,"column":46}},"36":{"start":{"line":65,"column":21},"end":{"line":65,"column":44}},"37":{"start":{"line":66,"column":22},"end":{"line":66,"column":45}},"38":{"start":{"line":74,"column":8},"end":{"line":74,"column":43}},"39":{"start":{"line":76,"column":8},"end":{"line":76,"column":33}},"40":{"start":{"line":77,"column":8},"end":{"line":77,"column":34}},"41":{"start":{"line":78,"column":8},"end":{"line":78,"column":40}},"42":{"start":{"line":80,"column":8},"end":{"line":80,"column":41}},"43":{"start":{"line":81,"column":8},"end":{"line":81,"column":43}},"44":{"start":{"line":82,"column":8},"end":{"line":82,"column":33}},"45":{"start":{"line":83,"column":8},"end":{"line":83,"column":42}},"46":{"start":{"line":84,"column":8},"end":{"line":84,"column":41}},"47":{"start":{"line":86,"column":8},"end":{"line":86,"column":35}},"48":{"start":{"line":88,"column":8},"end":{"line":88,"column":40}},"49":{"start":{"line":89,"column":8},"end":{"line":89,"column":33}},"50":{"start":{"line":90,"column":8},"end":{"line":90,"column":37}},"51":{"start":{"line":95,"column":8},"end":{"line":95,"column":33}},"52":{"start":{"line":96,"column":8},"end":{"line":96,"column":31}},"53":{"start":{"line":97,"column":8},"end":{"line":97,"column":32}},"54":{"start":{"line":98,"column":8},"end":{"line":98,"column":35}},"55":{"start":{"line":99,"column":8},"end":{"line":99,"column":31}},"56":{"start":{"line":100,"column":8},"end":{"line":100,"column":35}},"57":{"start":{"line":102,"column":8},"end":{"line":102,"column":36}},"58":{"start":{"line":103,"column":8},"end":{"line":103,"column":37}},"59":{"start":{"line":104,"column":27},"end":{"line":104,"column":65}},"60":{"start":{"line":105,"column":8},"end":{"line":105,"column":46}},"61":{"start":{"line":106,"column":8},"end":{"line":106,"column":42}},"62":{"start":{"line":108,"column":8},"end":{"line":108,"column":27}},"63":{"start":{"line":125,"column":14},"end":{"line":134,"column":2}},"64":{"start":{"line":126,"column":18},"end":{"line":126,"column":51}},"65":{"start":{"line":127,"column":24},"end":{"line":127,"column":55}},"66":{"start":{"line":129,"column":3},"end":{"line":129,"column":50}},"67":{"start":{"line":130,"column":3},"end":{"line":130,"column":43}},"68":{"start":{"line":132,"column":3},"end":{"line":132,"column":36}},"69":{"start":{"line":136,"column":18},"end":{"line":195,"column":2}},"70":{"start":{"line":137,"column":20},"end":{"line":137,"column":63}},"71":{"start":{"line":139,"column":16},"end":{"line":139,"column":47}},"72":{"start":{"line":140,"column":16},"end":{"line":140,"column":47}},"73":{"start":{"line":141,"column":17},"end":{"line":141,"column":46}},"74":{"start":{"line":142,"column":22},"end":{"line":142,"column":51}},"75":{"start":{"line":143,"column":21},"end":{"line":143,"column":50}},"76":{"start":{"line":144,"column":19},"end":{"line":144,"column":50}},"77":{"start":{"line":145,"column":19},"end":{"line":145,"column":51}},"78":{"start":{"line":146,"column":19},"end":{"line":146,"column":48}},"79":{"start":{"line":147,"column":26},"end":{"line":147,"column":57}},"80":{"start":{"line":148,"column":27},"end":{"line":148,"column":58}},"81":{"start":{"line":149,"column":23},"end":{"line":149,"column":55}},"82":{"start":{"line":150,"column":23},"end":{"line":150,"column":52}},"83":{"start":{"line":151,"column":26},"end":{"line":151,"column":58}},"84":{"start":{"line":152,"column":17},"end":{"line":152,"column":49}},"85":{"start":{"line":158,"column":3},"end":{"line":158,"column":28}},"86":{"start":{"line":159,"column":3},"end":{"line":159,"column":32}},"87":{"start":{"line":160,"column":3},"end":{"line":160,"column":39}},"88":{"start":{"line":161,"column":3},"end":{"line":161,"column":36}},"89":{"start":{"line":162,"column":3},"end":{"line":162,"column":30}},"90":{"start":{"line":163,"column":3},"end":{"line":163,"column":34}},"91":{"start":{"line":164,"column":3},"end":{"line":164,"column":25}},"92":{"start":{"line":165,"column":3},"end":{"line":165,"column":51}},"93":{"start":{"line":166,"column":3},"end":{"line":166,"column":52}},"94":{"start":{"line":167,"column":3},"end":{"line":167,"column":45}},"95":{"start":{"line":168,"column":3},"end":{"line":168,"column":46}},"96":{"start":{"line":169,"column":3},"end":{"line":169,"column":43}},"97":{"start":{"line":170,"column":3},"end":{"line":170,"column":30}},"98":{"start":{"line":171,"column":3},"end":{"line":171,"column":35}},"99":{"start":{"line":172,"column":3},"end":{"line":172,"column":40}},"100":{"start":{"line":173,"column":3},"end":{"line":173,"column":37}},"101":{"start":{"line":174,"column":3},"end":{"line":174,"column":45}},"102":{"start":{"line":180,"column":3},"end":{"line":180,"column":43}},"103":{"start":{"line":181,"column":3},"end":{"line":181,"column":39}},"104":{"start":{"line":182,"column":3},"end":{"line":182,"column":40}},"105":{"start":{"line":183,"column":3},"end":{"line":183,"column":33}},"106":{"start":{"line":184,"column":3},"end":{"line":184,"column":34}},"107":{"start":{"line":185,"column":3},"end":{"line":185,"column":37}},"108":{"start":{"line":186,"column":3},"end":{"line":186,"column":35}},"109":{"start":{"line":187,"column":3},"end":{"line":187,"column":39}},"110":{"start":{"line":188,"column":3},"end":{"line":188,"column":33}},"111":{"start":{"line":191,"column":3},"end":{"line":191,"column":40}},"112":{"start":{"line":192,"column":3},"end":{"line":192,"column":40}}},"fnMap":{"0":{"name":"(anonymous_0)","decl":{"start":{"line":9,"column":28},"end":{"line":9,"column":29}},"loc":{"start":{"line":9,"column":33},"end":{"line":117,"column":4}},"line":9},"1":{"name":"(anonymous_1)","decl":{"start":{"line":125,"column":14},"end":{"line":125,"column":15}},"loc":{"start":{"line":125,"column":19},"end":{"line":134,"column":2}},"line":125},"2":{"name":"(anonymous_2)","decl":{"start":{"line":136,"column":18},"end":{"line":136,"column":19}},"loc":{"start":{"line":136,"column":23},"end":{"line":195,"column":2}},"line":136}},"branchMap":{"0":{"loc":{"start":{"line":23,"column":5},"end":{"line":115,"column":6}},"type":"if","locations":[{"start":{"line":23,"column":5},"end":{"line":115,"column":6}},{"start":{},"end":{}}],"line":23},"1":{"loc":{"start":{"line":23,"column":8},"end":{"line":23,"column":97}},"type":"binary-expr","locations":[{"start":{"line":23,"column":8},"end":{"line":23,"column":31}},{"start":{"line":23,"column":35},"end":{"line":23,"column":64}},{"start":{"line":23,"column":68},"end":{"line":23,"column":97}}],"line":23}},"s":{"0":4,"1":3,"2":3,"3":3,"4":3,"5":3,"6":3,"7":3,"8":3,"9":3,"10":3,"11":3,"12":2,"13":2,"14":2,"15":2,"16":2,"17":5,"18":5,"19":5,"20":5,"21":5,"22":5,"23":5,"24":5,"25":5,"26":5,"27":2,"28":2,"29":2,"30":2,"31":2,"32":2,"33":2,"34":2,"35":2,"36":2,"37":2,"38":2,"39":2,"40":2,"41":2,"42":2,"43":2,"44":2,"45":2,"46":2,"47":2,"48":2,"49":2,"50":2,"51":2,"52":2,"53":2,"54":2,"55":2,"56":2,"57":2,"58":2,"59":2,"60":2,"61":2,"62":2,"63":4,"64":1,"65":1,"66":1,"67":1,"68":1,"69":4,"70":4,"71":4,"72":4,"73":4,"74":4,"75":4,"76":4,"77":4,"78":4,"79":4,"80":4,"81":4,"82":4,"83":4,"84":4,"85":4,"86":4,"87":4,"88":4,"89":4,"90":4,"91":4,"92":4,"93":4,"94":4,"95":4,"96":4,"97":4,"98":4,"99":4,"100":4,"101":4,"102":4,"103":4,"104":4,"105":4,"106":4,"107":4,"108":4,"109":4,"110":4,"111":4,"112":4},"f":{"0":3,"1":1,"2":4},"b":{"0":[2,1],"1":[3,2,2]},"_coverageSchema":"1a1c01bbd47fc00a2c39e90264f33305004495a9","hash":"1e99a68aca1cfd8fede3f705ef7f02827b5e3777"}
,"C:\\Users\\ass_s\\projet_trans_test\\projet_trans_front\\src\\Création_sondage\\enregistrer.js": {"path":"C:\\Users\\ass_s\\projet_trans_test\\projet_trans_front\\src\\Création_sondage\\enregistrer.js","statementMap":{"0":{"start":{"line":7,"column":21},"end":{"line":179,"column":1}},"1":{"start":{"line":8,"column":24},"end":{"line":8,"column":58}},"2":{"start":{"line":9,"column":21},"end":{"line":9,"column":64}},"3":{"start":{"line":10,"column":19},"end":{"line":10,"column":60}},"4":{"start":{"line":11,"column":18},"end":{"line":11,"column":50}},"5":{"start":{"line":12,"column":24},"end":{"line":12,"column":62}},"6":{"start":{"line":13,"column":23},"end":{"line":13,"column":68}},"7":{"start":{"line":20,"column":4},"end":{"line":171,"column":5}},"8":{"start":{"line":21,"column":8},"end":{"line":21,"column":29}},"9":{"start":{"line":22,"column":8},"end":{"line":22,"column":27}},"10":{"start":{"line":23,"column":8},"end":{"line":23,"column":23}},"11":{"start":{"line":24,"column":8},"end":{"line":24,"column":29}},"12":{"start":{"line":26,"column":8},"end":{"line":167,"column":9}},"13":{"start":{"line":26,"column":20},"end":{"line":26,"column":21}},"14":{"start":{"line":27,"column":12},"end":{"line":27,"column":57}},"15":{"start":{"line":28,"column":12},"end":{"line":165,"column":13}},"16":{"start":{"line":29,"column":16},"end":{"line":95,"column":17}},"17":{"start":{"line":30,"column":20},"end":{"line":54,"column":25}},"18":{"start":{"line":36,"column":24},"end":{"line":52,"column":25}},"19":{"start":{"line":36,"column":36},"end":{"line":36,"column":37}},"20":{"start":{"line":37,"column":45},"end":{"line":37,"column":68}},"21":{"start":{"line":39,"column":28},"end":{"line":50,"column":33}},"22":{"start":{"line":39,"column":40},"end":{"line":39,"column":41}},"23":{"start":{"line":41,"column":32},"end":{"line":47,"column":33}},"24":{"start":{"line":42,"column":36},"end":{"line":46,"column":39}},"25":{"start":{"line":59,"column":21},"end":{"line":95,"column":17}},"26":{"start":{"line":60,"column":20},"end":{"line":85,"column":25}},"27":{"start":{"line":67,"column":24},"end":{"line":83,"column":25}},"28":{"start":{"line":67,"column":36},"end":{"line":67,"column":37}},"29":{"start":{"line":68,"column":45},"end":{"line":68,"column":68}},"30":{"start":{"line":70,"column":28},"end":{"line":81,"column":33}},"31":{"start":{"line":70,"column":40},"end":{"line":70,"column":41}},"32":{"start":{"line":72,"column":32},"end":{"line":78,"column":33}},"33":{"start":{"line":73,"column":36},"end":{"line":77,"column":39}},"34":{"start":{"line":88,"column":20},"end":{"line":94,"column":23}},"35":{"start":{"line":99,"column":16},"end":{"line":163,"column":17}},"36":{"start":{"line":100,"column":20},"end":{"line":125,"column":25}},"37":{"start":{"line":107,"column":24},"end":{"line":123,"column":25}},"38":{"start":{"line":107,"column":36},"end":{"line":107,"column":37}},"39":{"start":{"line":108,"column":45},"end":{"line":108,"column":68}},"40":{"start":{"line":110,"column":28},"end":{"line":121,"column":33}},"41":{"start":{"line":110,"column":40},"end":{"line":110,"column":41}},"42":{"start":{"line":112,"column":32},"end":{"line":118,"column":33}},"43":{"start":{"line":113,"column":36},"end":{"line":117,"column":39}},"44":{"start":{"line":127,"column":21},"end":{"line":163,"column":17}},"45":{"start":{"line":128,"column":20},"end":{"line":153,"column":25}},"46":{"start":{"line":135,"column":24},"end":{"line":151,"column":25}},"47":{"start":{"line":135,"column":36},"end":{"line":135,"column":37}},"48":{"start":{"line":136,"column":45},"end":{"line":136,"column":68}},"49":{"start":{"line":138,"column":28},"end":{"line":149,"column":33}},"50":{"start":{"line":138,"column":40},"end":{"line":138,"column":41}},"51":{"start":{"line":140,"column":32},"end":{"line":146,"column":33}},"52":{"start":{"line":141,"column":36},"end":{"line":145,"column":39}},"53":{"start":{"line":156,"column":20},"end":{"line":162,"column":23}}},"fnMap":{"0":{"name":"(anonymous_0)","decl":{"start":{"line":7,"column":21},"end":{"line":7,"column":22}},"loc":{"start":{"line":7,"column":27},"end":{"line":179,"column":1}},"line":7},"1":{"name":"(anonymous_1)","decl":{"start":{"line":35,"column":28},"end":{"line":35,"column":29}},"loc":{"start":{"line":35,"column":42},"end":{"line":54,"column":23}},"line":35},"2":{"name":"(anonymous_2)","decl":{"start":{"line":66,"column":28},"end":{"line":66,"column":29}},"loc":{"start":{"line":66,"column":42},"end":{"line":85,"column":23}},"line":66},"3":{"name":"(anonymous_3)","decl":{"start":{"line":106,"column":28},"end":{"line":106,"column":29}},"loc":{"start":{"line":106,"column":42},"end":{"line":125,"column":23}},"line":106},"4":{"name":"(anonymous_4)","decl":{"start":{"line":134,"column":28},"end":{"line":134,"column":29}},"loc":{"start":{"line":134,"column":42},"end":{"line":153,"column":23}},"line":134}},"branchMap":{"0":{"loc":{"start":{"line":20,"column":4},"end":{"line":171,"column":5}},"type":"if","locations":[{"start":{"line":20,"column":4},"end":{"line":171,"column":5}},{"start":{},"end":{}}],"line":20},"1":{"loc":{"start":{"line":28,"column":12},"end":{"line":165,"column":13}},"type":"if","locations":[{"start":{"line":28,"column":12},"end":{"line":165,"column":13}},{"start":{"line":98,"column":16},"end":{"line":165,"column":13}}],"line":28},"2":{"loc":{"start":{"line":29,"column":16},"end":{"line":95,"column":17}},"type":"if","locations":[{"start":{"line":29,"column":16},"end":{"line":95,"column":17}},{"start":{"line":59,"column":21},"end":{"line":95,"column":17}}],"line":29},"3":{"loc":{"start":{"line":41,"column":32},"end":{"line":47,"column":33}},"type":"if","locations":[{"start":{"line":41,"column":32},"end":{"line":47,"column":33}},{"start":{},"end":{}}],"line":41},"4":{"loc":{"start":{"line":59,"column":21},"end":{"line":95,"column":17}},"type":"if","locations":[{"start":{"line":59,"column":21},"end":{"line":95,"column":17}},{"start":{"line":87,"column":20},"end":{"line":95,"column":17}}],"line":59},"5":{"loc":{"start":{"line":72,"column":32},"end":{"line":78,"column":33}},"type":"if","locations":[{"start":{"line":72,"column":32},"end":{"line":78,"column":33}},{"start":{},"end":{}}],"line":72},"6":{"loc":{"start":{"line":99,"column":16},"end":{"line":163,"column":17}},"type":"if","locations":[{"start":{"line":99,"column":16},"end":{"line":163,"column":17}},{"start":{"line":127,"column":21},"end":{"line":163,"column":17}}],"line":99},"7":{"loc":{"start":{"line":112,"column":32},"end":{"line":118,"column":33}},"type":"if","locations":[{"start":{"line":112,"column":32},"end":{"line":118,"column":33}},{"start":{},"end":{}}],"line":112},"8":{"loc":{"start":{"line":127,"column":21},"end":{"line":163,"column":17}},"type":"if","locations":[{"start":{"line":127,"column":21},"end":{"line":163,"column":17}},{"start":{"line":155,"column":20},"end":{"line":163,"column":17}}],"line":127},"9":{"loc":{"start":{"line":140,"column":32},"end":{"line":146,"column":33}},"type":"if","locations":[{"start":{"line":140,"column":32},"end":{"line":146,"column":33}},{"start":{},"end":{}}],"line":140}},"s":{"0":4,"1":0,"2":0,"3":0,"4":0,"5":0,"6":0,"7":0,"8":0,"9":0,"10":0,"11":0,"12":0,"13":0,"14":0,"15":0,"16":0,"17":0,"18":0,"19":0,"20":0,"21":0,"22":0,"23":0,"24":0,"25":0,"26":0,"27":0,"28":0,"29":0,"30":0,"31":0,"32":0,"33":0,"34":0,"35":0,"36":0,"37":0,"38":0,"39":0,"40":0,"41":0,"42":0,"43":0,"44":0,"45":0,"46":0,"47":0,"48":0,"49":0,"50":0,"51":0,"52":0,"53":0},"f":{"0":0,"1":0,"2":0,"3":0,"4":0},"b":{"0":[0,0],"1":[0,0],"2":[0,0],"3":[0,0],"4":[0,0],"5":[0,0],"6":[0,0],"7":[0,0],"8":[0,0],"9":[0,0]},"_coverageSchema":"1a1c01bbd47fc00a2c39e90264f33305004495a9","hash":"43671d25332a3394149c45871c58064319d05003"}
,"C:\\Users\\ass_s\\projet_trans_test\\projet_trans_front\\src\\Création_sondage\\multiple_choice.js": {"path":"C:\\Users\\ass_s\\projet_trans_test\\projet_trans_front\\src\\Création_sondage\\multiple_choice.js","statementMap":{"0":{"start":{"line":11,"column":23},"end":{"line":11,"column":25}},"1":{"start":{"line":12,"column":28},"end":{"line":123,"column":4}},"2":{"start":{"line":15,"column":23},"end":{"line":15,"column":66}},"3":{"start":{"line":16,"column":18},"end":{"line":16,"column":49}},"4":{"start":{"line":17,"column":24},"end":{"line":17,"column":53}},"5":{"start":{"line":18,"column":18},"end":{"line":18,"column":45}},"6":{"start":{"line":19,"column":24},"end":{"line":19,"column":69}},"7":{"start":{"line":20,"column":21},"end":{"line":20,"column":61}},"8":{"start":{"line":21,"column":27},"end":{"line":21,"column":74}},"9":{"start":{"line":22,"column":20},"end":{"line":22,"column":61}},"10":{"start":{"line":24,"column":22},"end":{"line":24,"column":54}},"11":{"start":{"line":29,"column":5},"end":{"line":29,"column":39}},"12":{"start":{"line":30,"column":5},"end":{"line":121,"column":6}},"13":{"start":{"line":31,"column":7},"end":{"line":31,"column":36}},"14":{"start":{"line":33,"column":28},"end":{"line":33,"column":30}},"15":{"start":{"line":34,"column":7},"end":{"line":34,"column":43}},"16":{"start":{"line":37,"column":7},"end":{"line":51,"column":8}},"17":{"start":{"line":37,"column":20},"end":{"line":37,"column":21}},"18":{"start":{"line":38,"column":23},"end":{"line":38,"column":52}},"19":{"start":{"line":39,"column":25},"end":{"line":39,"column":56}},"20":{"start":{"line":40,"column":25},"end":{"line":40,"column":56}},"21":{"start":{"line":41,"column":11},"end":{"line":41,"column":32}},"22":{"start":{"line":42,"column":11},"end":{"line":42,"column":36}},"23":{"start":{"line":43,"column":11},"end":{"line":43,"column":52}},"24":{"start":{"line":45,"column":11},"end":{"line":45,"column":39}},"25":{"start":{"line":46,"column":11},"end":{"line":46,"column":34}},"26":{"start":{"line":47,"column":11},"end":{"line":47,"column":34}},"27":{"start":{"line":49,"column":11},"end":{"line":49,"column":53}},"28":{"start":{"line":52,"column":7},"end":{"line":52,"column":40}},"29":{"start":{"line":54,"column":7},"end":{"line":54,"column":43}},"30":{"start":{"line":56,"column":7},"end":{"line":56,"column":50}},"31":{"start":{"line":63,"column":25},"end":{"line":63,"column":54}},"32":{"start":{"line":64,"column":22},"end":{"line":64,"column":53}},"33":{"start":{"line":66,"column":23},"end":{"line":66,"column":55}},"34":{"start":{"line":69,"column":21},"end":{"line":69,"column":50}},"35":{"start":{"line":71,"column":21},"end":{"line":71,"column":69}},"36":{"start":{"line":72,"column":23},"end":{"line":72,"column":46}},"37":{"start":{"line":73,"column":21},"end":{"line":73,"column":44}},"38":{"start":{"line":74,"column":22},"end":{"line":74,"column":45}},"39":{"start":{"line":82,"column":8},"end":{"line":82,"column":43}},"40":{"start":{"line":84,"column":8},"end":{"line":84,"column":33}},"41":{"start":{"line":85,"column":8},"end":{"line":85,"column":34}},"42":{"start":{"line":86,"column":8},"end":{"line":86,"column":40}},"43":{"start":{"line":88,"column":8},"end":{"line":88,"column":41}},"44":{"start":{"line":89,"column":8},"end":{"line":89,"column":43}},"45":{"start":{"line":90,"column":8},"end":{"line":90,"column":33}},"46":{"start":{"line":91,"column":8},"end":{"line":91,"column":42}},"47":{"start":{"line":92,"column":8},"end":{"line":92,"column":41}},"48":{"start":{"line":94,"column":8},"end":{"line":94,"column":35}},"49":{"start":{"line":96,"column":8},"end":{"line":96,"column":40}},"50":{"start":{"line":97,"column":8},"end":{"line":97,"column":33}},"51":{"start":{"line":98,"column":8},"end":{"line":98,"column":37}},"52":{"start":{"line":103,"column":8},"end":{"line":103,"column":33}},"53":{"start":{"line":104,"column":8},"end":{"line":104,"column":31}},"54":{"start":{"line":105,"column":8},"end":{"line":105,"column":32}},"55":{"start":{"line":106,"column":8},"end":{"line":106,"column":35}},"56":{"start":{"line":107,"column":8},"end":{"line":107,"column":31}},"57":{"start":{"line":108,"column":8},"end":{"line":108,"column":35}},"58":{"start":{"line":109,"column":8},"end":{"line":109,"column":36}},"59":{"start":{"line":110,"column":8},"end":{"line":110,"column":37}},"60":{"start":{"line":111,"column":27},"end":{"line":111,"column":68}},"61":{"start":{"line":112,"column":8},"end":{"line":112,"column":46}},"62":{"start":{"line":113,"column":8},"end":{"line":113,"column":42}},"63":{"start":{"line":115,"column":8},"end":{"line":115,"column":27}},"64":{"start":{"line":131,"column":14},"end":{"line":140,"column":2}},"65":{"start":{"line":132,"column":18},"end":{"line":132,"column":51}},"66":{"start":{"line":133,"column":24},"end":{"line":133,"column":55}},"67":{"start":{"line":135,"column":3},"end":{"line":135,"column":50}},"68":{"start":{"line":136,"column":3},"end":{"line":136,"column":43}},"69":{"start":{"line":138,"column":3},"end":{"line":138,"column":36}},"70":{"start":{"line":142,"column":25},"end":{"line":212,"column":2}},"71":{"start":{"line":144,"column":24},"end":{"line":144,"column":38}},"72":{"start":{"line":147,"column":20},"end":{"line":147,"column":51}},"73":{"start":{"line":148,"column":20},"end":{"line":148,"column":51}},"74":{"start":{"line":149,"column":21},"end":{"line":149,"column":50}},"75":{"start":{"line":150,"column":26},"end":{"line":150,"column":55}},"76":{"start":{"line":151,"column":25},"end":{"line":151,"column":54}},"77":{"start":{"line":152,"column":23},"end":{"line":152,"column":54}},"78":{"start":{"line":153,"column":23},"end":{"line":153,"column":55}},"79":{"start":{"line":154,"column":23},"end":{"line":154,"column":52}},"80":{"start":{"line":155,"column":30},"end":{"line":155,"column":61}},"81":{"start":{"line":156,"column":31},"end":{"line":156,"column":62}},"82":{"start":{"line":157,"column":27},"end":{"line":157,"column":59}},"83":{"start":{"line":158,"column":27},"end":{"line":158,"column":56}},"84":{"start":{"line":159,"column":30},"end":{"line":159,"column":62}},"85":{"start":{"line":160,"column":21},"end":{"line":160,"column":53}},"86":{"start":{"line":167,"column":7},"end":{"line":167,"column":32}},"87":{"start":{"line":168,"column":7},"end":{"line":168,"column":36}},"88":{"start":{"line":169,"column":7},"end":{"line":169,"column":43}},"89":{"start":{"line":170,"column":7},"end":{"line":170,"column":40}},"90":{"start":{"line":171,"column":7},"end":{"line":171,"column":34}},"91":{"start":{"line":172,"column":7},"end":{"line":172,"column":45}},"92":{"start":{"line":173,"column":7},"end":{"line":173,"column":29}},"93":{"start":{"line":174,"column":7},"end":{"line":174,"column":55}},"94":{"start":{"line":175,"column":7},"end":{"line":175,"column":56}},"95":{"start":{"line":176,"column":7},"end":{"line":176,"column":49}},"96":{"start":{"line":177,"column":7},"end":{"line":177,"column":50}},"97":{"start":{"line":178,"column":7},"end":{"line":178,"column":47}},"98":{"start":{"line":179,"column":7},"end":{"line":179,"column":34}},"99":{"start":{"line":180,"column":7},"end":{"line":180,"column":38}},"100":{"start":{"line":181,"column":7},"end":{"line":181,"column":44}},"101":{"start":{"line":182,"column":7},"end":{"line":182,"column":44}},"102":{"start":{"line":183,"column":7},"end":{"line":183,"column":49}},"103":{"start":{"line":189,"column":7},"end":{"line":189,"column":47}},"104":{"start":{"line":190,"column":7},"end":{"line":190,"column":43}},"105":{"start":{"line":191,"column":7},"end":{"line":191,"column":44}},"106":{"start":{"line":193,"column":7},"end":{"line":193,"column":37}},"107":{"start":{"line":194,"column":7},"end":{"line":194,"column":38}},"108":{"start":{"line":195,"column":7},"end":{"line":195,"column":41}},"109":{"start":{"line":196,"column":7},"end":{"line":196,"column":39}},"110":{"start":{"line":197,"column":7},"end":{"line":197,"column":43}},"111":{"start":{"line":198,"column":7},"end":{"line":198,"column":37}},"112":{"start":{"line":202,"column":7},"end":{"line":202,"column":44}},"113":{"start":{"line":203,"column":7},"end":{"line":203,"column":44}}},"fnMap":{"0":{"name":"(anonymous_0)","decl":{"start":{"line":12,"column":28},"end":{"line":12,"column":29}},"loc":{"start":{"line":12,"column":33},"end":{"line":123,"column":4}},"line":12},"1":{"name":"(anonymous_1)","decl":{"start":{"line":131,"column":14},"end":{"line":131,"column":15}},"loc":{"start":{"line":131,"column":19},"end":{"line":140,"column":2}},"line":131},"2":{"name":"(anonymous_2)","decl":{"start":{"line":142,"column":25},"end":{"line":142,"column":26}},"loc":{"start":{"line":142,"column":30},"end":{"line":212,"column":2}},"line":142}},"branchMap":{"0":{"loc":{"start":{"line":30,"column":5},"end":{"line":121,"column":6}},"type":"if","locations":[{"start":{"line":30,"column":5},"end":{"line":121,"column":6}},{"start":{},"end":{}}],"line":30},"1":{"loc":{"start":{"line":30,"column":8},"end":{"line":30,"column":97}},"type":"binary-expr","locations":[{"start":{"line":30,"column":8},"end":{"line":30,"column":31}},{"start":{"line":30,"column":35},"end":{"line":30,"column":64}},{"start":{"line":30,"column":68},"end":{"line":30,"column":97}}],"line":30}},"s":{"0":4,"1":4,"2":3,"3":3,"4":3,"5":3,"6":3,"7":3,"8":3,"9":3,"10":3,"11":3,"12":3,"13":2,"14":2,"15":2,"16":2,"17":2,"18":5,"19":5,"20":5,"21":5,"22":5,"23":5,"24":5,"25":5,"26":5,"27":5,"28":2,"29":2,"30":2,"31":2,"32":2,"33":2,"34":2,"35":2,"36":2,"37":2,"38":2,"39":2,"40":2,"41":2,"42":2,"43":2,"44":2,"45":2,"46":2,"47":2,"48":2,"49":2,"50":2,"51":2,"52":2,"53":2,"54":2,"55":2,"56":2,"57":2,"58":2,"59":2,"60":2,"61":2,"62":2,"63":2,"64":4,"65":1,"66":1,"67":1,"68":1,"69":1,"70":4,"71":4,"72":4,"73":4,"74":4,"75":4,"76":4,"77":4,"78":4,"79":4,"80":4,"81":4,"82":4,"83":4,"84":4,"85":4,"86":4,"87":4,"88":4,"89":4,"90":4,"91":4,"92":4,"93":4,"94":4,"95":4,"96":4,"97":4,"98":4,"99":4,"100":4,"101":4,"102":4,"103":4,"104":4,"105":4,"106":4,"107":4,"108":4,"109":4,"110":4,"111":4,"112":4,"113":4},"f":{"0":3,"1":1,"2":4},"b":{"0":[2,1],"1":[3,2,2]},"_coverageSchema":"1a1c01bbd47fc00a2c39e90264f33305004495a9","hash":"aaee477979268809370c0d9464f70acf14e0128e"}
,"C:\\Users\\ass_s\\projet_trans_test\\projet_trans_front\\src\\Création_sondage\\required.js": {"path":"C:\\Users\\ass_s\\projet_trans_test\\projet_trans_front\\src\\Création_sondage\\required.js","statementMap":{"0":{"start":{"line":1,"column":12},"end":{"line":1,"column":14}},"1":{"start":{"line":4,"column":18},"end":{"line":8,"column":1}},"2":{"start":{"line":5,"column":24},"end":{"line":5,"column":64}},"3":{"start":{"line":6,"column":4},"end":{"line":6,"column":37}}},"fnMap":{"0":{"name":"(anonymous_0)","decl":{"start":{"line":4,"column":18},"end":{"line":4,"column":19}},"loc":{"start":{"line":4,"column":23},"end":{"line":8,"column":1}},"line":4}},"branchMap":{},"s":{"0":4,"1":4,"2":1,"3":1},"f":{"0":1},"b":{},"_coverageSchema":"1a1c01bbd47fc00a2c39e90264f33305004495a9","hash":"8e61630921c2ba6bb41056c1c76684399059c67a"}
,"C:\\Users\\ass_s\\projet_trans_test\\projet_trans_front\\src\\Création_sondage\\sondage.js": {"path":"C:\\Users\\ass_s\\projet_trans_test\\projet_trans_front\\src\\Création_sondage\\sondage.js","statementMap":{"0":{"start":{"line":20,"column":4},"end":{"line":44,"column":6}}},"fnMap":{"0":{"name":"Sondage","decl":{"start":{"line":18,"column":9},"end":{"line":18,"column":16}},"loc":{"start":{"line":18,"column":18},"end":{"line":45,"column":1}},"line":18}},"branchMap":{},"s":{"0":12},"f":{"0":12},"b":{},"_coverageSchema":"1a1c01bbd47fc00a2c39e90264f33305004495a9","hash":"23c7a30d2cd1cff557bcf5b7b9156442738840a9"}
,"C:\\Users\\ass_s\\projet_trans_test\\projet_trans_front\\src\\Création_sondage\\zone_texte.js": {"path":"C:\\Users\\ass_s\\projet_trans_test\\projet_trans_front\\src\\Création_sondage\\zone_texte.js","statementMap":{"0":{"start":{"line":10,"column":12},"end":{"line":10,"column":13}},"1":{"start":{"line":38,"column":24},"end":{"line":60,"column":5}},"2":{"start":{"line":39,"column":24},"end":{"line":39,"column":67}},"3":{"start":{"line":40,"column":19},"end":{"line":40,"column":50}},"4":{"start":{"line":41,"column":19},"end":{"line":41,"column":50}},"5":{"start":{"line":42,"column":20},"end":{"line":42,"column":49}},"6":{"start":{"line":43,"column":23},"end":{"line":43,"column":52}},"7":{"start":{"line":44,"column":20},"end":{"line":44,"column":51}},"8":{"start":{"line":45,"column":21},"end":{"line":45,"column":53}},"9":{"start":{"line":48,"column":6},"end":{"line":48,"column":35}},"10":{"start":{"line":49,"column":6},"end":{"line":49,"column":38}},"11":{"start":{"line":50,"column":6},"end":{"line":50,"column":32}},"12":{"start":{"line":51,"column":6},"end":{"line":51,"column":39}},"13":{"start":{"line":53,"column":6},"end":{"line":53,"column":34}},"14":{"start":{"line":54,"column":6},"end":{"line":54,"column":35}},"15":{"start":{"line":55,"column":6},"end":{"line":55,"column":34}},"16":{"start":{"line":57,"column":6},"end":{"line":57,"column":44}},"17":{"start":{"line":62,"column":25},"end":{"line":156,"column":3}},"18":{"start":{"line":63,"column":8},"end":{"line":63,"column":16}},"19":{"start":{"line":64,"column":24},"end":{"line":64,"column":64}},"20":{"start":{"line":65,"column":26},"end":{"line":65,"column":69}},"21":{"start":{"line":66,"column":23},"end":{"line":66,"column":64}},"22":{"start":{"line":69,"column":8},"end":{"line":142,"column":9}},"23":{"start":{"line":73,"column":25},"end":{"line":73,"column":56}},"24":{"start":{"line":74,"column":29},"end":{"line":74,"column":58}},"25":{"start":{"line":75,"column":26},"end":{"line":75,"column":57}},"26":{"start":{"line":76,"column":27},"end":{"line":76,"column":58}},"27":{"start":{"line":77,"column":27},"end":{"line":77,"column":59}},"28":{"start":{"line":78,"column":29},"end":{"line":78,"column":61}},"29":{"start":{"line":79,"column":31},"end":{"line":79,"column":60}},"30":{"start":{"line":80,"column":25},"end":{"line":80,"column":52}},"31":{"start":{"line":81,"column":25},"end":{"line":81,"column":54}},"32":{"start":{"line":82,"column":25},"end":{"line":82,"column":73}},"33":{"start":{"line":83,"column":27},"end":{"line":83,"column":50}},"34":{"start":{"line":84,"column":25},"end":{"line":84,"column":48}},"35":{"start":{"line":85,"column":26},"end":{"line":85,"column":49}},"36":{"start":{"line":93,"column":12},"end":{"line":93,"column":47}},"37":{"start":{"line":94,"column":12},"end":{"line":94,"column":33}},"38":{"start":{"line":96,"column":12},"end":{"line":96,"column":37}},"39":{"start":{"line":97,"column":12},"end":{"line":97,"column":38}},"40":{"start":{"line":98,"column":12},"end":{"line":98,"column":44}},"41":{"start":{"line":100,"column":12},"end":{"line":100,"column":45}},"42":{"start":{"line":101,"column":12},"end":{"line":101,"column":47}},"43":{"start":{"line":102,"column":12},"end":{"line":102,"column":37}},"44":{"start":{"line":103,"column":12},"end":{"line":103,"column":46}},"45":{"start":{"line":104,"column":12},"end":{"line":104,"column":45}},"46":{"start":{"line":106,"column":12},"end":{"line":106,"column":39}},"47":{"start":{"line":108,"column":12},"end":{"line":108,"column":44}},"48":{"start":{"line":109,"column":12},"end":{"line":109,"column":37}},"49":{"start":{"line":110,"column":12},"end":{"line":110,"column":41}},"50":{"start":{"line":112,"column":12},"end":{"line":112,"column":48}},"51":{"start":{"line":118,"column":12},"end":{"line":118,"column":37}},"52":{"start":{"line":119,"column":12},"end":{"line":119,"column":35}},"53":{"start":{"line":120,"column":12},"end":{"line":120,"column":36}},"54":{"start":{"line":121,"column":12},"end":{"line":121,"column":39}},"55":{"start":{"line":122,"column":12},"end":{"line":122,"column":35}},"56":{"start":{"line":123,"column":12},"end":{"line":123,"column":39}},"57":{"start":{"line":125,"column":12},"end":{"line":125,"column":40}},"58":{"start":{"line":126,"column":12},"end":{"line":126,"column":41}},"59":{"start":{"line":130,"column":12},"end":{"line":130,"column":46}},"60":{"start":{"line":131,"column":12},"end":{"line":131,"column":41}},"61":{"start":{"line":132,"column":12},"end":{"line":132,"column":43}},"62":{"start":{"line":133,"column":12},"end":{"line":133,"column":55}},"63":{"start":{"line":134,"column":12},"end":{"line":134,"column":31}}},"fnMap":{"0":{"name":"(anonymous_0)","decl":{"start":{"line":38,"column":24},"end":{"line":38,"column":25}},"loc":{"start":{"line":38,"column":30},"end":{"line":60,"column":5}},"line":38},"1":{"name":"(anonymous_1)","decl":{"start":{"line":62,"column":25},"end":{"line":62,"column":26}},"loc":{"start":{"line":62,"column":31},"end":{"line":156,"column":3}},"line":62}},"branchMap":{"0":{"loc":{"start":{"line":69,"column":8},"end":{"line":142,"column":9}},"type":"if","locations":[{"start":{"line":69,"column":8},"end":{"line":142,"column":9}},{"start":{},"end":{}}],"line":69},"1":{"loc":{"start":{"line":69,"column":11},"end":{"line":69,"column":42}},"type":"binary-expr","locations":[{"start":{"line":69,"column":11},"end":{"line":69,"column":15}},{"start":{"line":69,"column":19},"end":{"line":69,"column":42}}],"line":69}},"s":{"0":4,"1":4,"2":3,"3":3,"4":3,"5":3,"6":3,"7":3,"8":3,"9":3,"10":3,"11":3,"12":3,"13":3,"14":3,"15":3,"16":3,"17":4,"18":2,"19":2,"20":2,"21":2,"22":2,"23":1,"24":1,"25":1,"26":1,"27":1,"28":1,"29":1,"30":1,"31":1,"32":1,"33":1,"34":1,"35":1,"36":1,"37":1,"38":1,"39":1,"40":1,"41":1,"42":1,"43":1,"44":1,"45":1,"46":1,"47":1,"48":1,"49":1,"50":1,"51":1,"52":1,"53":1,"54":1,"55":1,"56":1,"57":1,"58":1,"59":1,"60":1,"61":1,"62":1,"63":1},"f":{"0":3,"1":2},"b":{"0":[1,1],"1":[2,2]},"_coverageSchema":"1a1c01bbd47fc00a2c39e90264f33305004495a9","hash":"77c4c61b259fe33061c374be9acfa87facaccced"}
,"C:\\Users\\ass_s\\projet_trans_test\\projet_trans_front\\src\\Login\\Inscription.js": {"path":"C:\\Users\\ass_s\\projet_trans_test\\projet_trans_front\\src\\Login\\Inscription.js","statementMap":{"0":{"start":{"line":8,"column":40},"end":{"line":8,"column":52}},"1":{"start":{"line":9,"column":38},"end":{"line":9,"column":50}},"2":{"start":{"line":10,"column":28},"end":{"line":10,"column":40}},"3":{"start":{"line":11,"column":36},"end":{"line":11,"column":48}},"4":{"start":{"line":12,"column":34},"end":{"line":12,"column":46}},"5":{"start":{"line":13,"column":36},"end":{"line":13,"column":48}},"6":{"start":{"line":16,"column":25},"end":{"line":27,"column":1}},"7":{"start":{"line":17,"column":8},"end":{"line":17,"column":30}},"8":{"start":{"line":18,"column":8},"end":{"line":26,"column":10}},"9":{"start":{"line":30,"column":4},"end":{"line":66,"column":8}},"10":{"start":{"line":49,"column":93},"end":{"line":49,"column":121}},"11":{"start":{"line":50,"column":96},"end":{"line":50,"column":125}},"12":{"start":{"line":51,"column":96},"end":{"line":51,"column":123}},"13":{"start":{"line":52,"column":90},"end":{"line":52,"column":113}},"14":{"start":{"line":53,"column":101},"end":{"line":53,"column":128}},"15":{"start":{"line":54,"column":95},"end":{"line":54,"column":121}}},"fnMap":{"0":{"name":"Sign_up","decl":{"start":{"line":6,"column":9},"end":{"line":6,"column":16}},"loc":{"start":{"line":6,"column":18},"end":{"line":67,"column":1}},"line":6},"1":{"name":"(anonymous_1)","decl":{"start":{"line":16,"column":25},"end":{"line":16,"column":26}},"loc":{"start":{"line":16,"column":36},"end":{"line":27,"column":1}},"line":16},"2":{"name":"(anonymous_2)","decl":{"start":{"line":49,"column":86},"end":{"line":49,"column":87}},"loc":{"start":{"line":49,"column":93},"end":{"line":49,"column":121}},"line":49},"3":{"name":"(anonymous_3)","decl":{"start":{"line":50,"column":89},"end":{"line":50,"column":90}},"loc":{"start":{"line":50,"column":96},"end":{"line":50,"column":125}},"line":50},"4":{"name":"(anonymous_4)","decl":{"start":{"line":51,"column":89},"end":{"line":51,"column":90}},"loc":{"start":{"line":51,"column":96},"end":{"line":51,"column":123}},"line":51},"5":{"name":"(anonymous_5)","decl":{"start":{"line":52,"column":83},"end":{"line":52,"column":84}},"loc":{"start":{"line":52,"column":90},"end":{"line":52,"column":113}},"line":52},"6":{"name":"(anonymous_6)","decl":{"start":{"line":53,"column":94},"end":{"line":53,"column":95}},"loc":{"start":{"line":53,"column":101},"end":{"line":53,"column":128}},"line":53},"7":{"name":"(anonymous_7)","decl":{"start":{"line":54,"column":88},"end":{"line":54,"column":89}},"loc":{"start":{"line":54,"column":95},"end":{"line":54,"column":121}},"line":54}},"branchMap":{},"s":{"0":0,"1":0,"2":0,"3":0,"4":0,"5":0,"6":0,"7":0,"8":0,"9":0,"10":0,"11":0,"12":0,"13":0,"14":0,"15":0},"f":{"0":0,"1":0,"2":0,"3":0,"4":0,"5":0,"6":0,"7":0},"b":{}}
}
